2025-07-12 15:47:03,167 INFO MAGIC Orchestrator started.
2025-07-12 15:47:03,167 INFO Folder already exists: data\data\inputs
2025-07-12 15:47:03,168 INFO Folder already exists: data\data\outputs
2025-07-12 15:47:03,168 INFO Folder already exists: data\data\logs
2025-07-12 15:47:03,168 INFO Folder already exists: data\data\temp
2025-07-12 15:47:03,168 INFO Folder already exists: data\data\scraped_data
2025-07-12 15:47:03,168 INFO Folder already exists: data\data\ai_outputs
2025-07-12 15:47:03,168 INFO All required folders ensured.
2025-07-12 15:47:03,170 INFO API key loaded successfully. Starting with: sk-proj-...
2025-07-12 15:47:03,178 ERROR Expecting value: line 1 column 1 (char 0)
2025-07-12 15:47:03,178 INFO MAGIC Orchestrator completed.
2025-07-12 15:50:14,812 INFO MAGIC Orchestrator started.
2025-07-12 15:50:14,812 INFO Folder already exists: data\data\inputs
2025-07-12 15:50:14,812 INFO Folder already exists: data\data\outputs
2025-07-12 15:50:14,812 INFO Folder already exists: data\data\logs
2025-07-12 15:50:14,812 INFO Folder already exists: data\data\temp
2025-07-12 15:50:14,812 INFO Folder already exists: data\data\scraped_data
2025-07-12 15:50:14,812 INFO Folder already exists: data\data\ai_outputs
2025-07-12 15:50:14,812 INFO All required folders ensured.
2025-07-12 15:50:14,814 INFO API key loaded successfully. Starting with: sk-proj-...
2025-07-12 15:50:14,814 ERROR Expecting value: line 1 column 1 (char 0)
2025-07-12 15:50:14,815 INFO MAGIC Orchestrator completed.
2025-07-12 15:52:58,699 INFO MAGIC Orchestrator started.
2025-07-12 15:52:58,699 INFO Folder already exists: data\data\inputs
2025-07-12 15:52:58,699 INFO Folder already exists: data\data\outputs
2025-07-12 15:52:58,699 INFO Folder already exists: data\data\logs
2025-07-12 15:52:58,699 INFO Folder already exists: data\data\temp
2025-07-12 15:52:58,699 INFO Folder already exists: data\data\scraped_data
2025-07-12 15:52:58,699 INFO Folder already exists: data\data\ai_outputs
2025-07-12 15:52:58,699 INFO All required folders ensured.
2025-07-12 15:52:58,701 INFO API key loaded successfully. Starting with: sk-proj-...
2025-07-12 15:52:58,701 ERROR Expecting value: line 1 column 1 (char 0)
2025-07-12 15:52:58,702 INFO MAGIC Orchestrator completed.
