2025-07-11 16:09:33,192 - INFO - MAGIC Orchestrator started.
2025-07-11 16:09:33,200 - INFO - API Key loaded: super_secret_api_key
2025-07-11 16:11:15,558 - INFO - MAGIC Orchestrator started.
INFO:orchestrator:MAGIC Orchestrator started.
INFO:root:Checked missing folders. Missing: []
INFO:root:Loaded existing vault key: .vault.key
INFO:root:Encrypted a value.
INFO:root:Decrypted a value.
2025-07-11 16:11:15,561 - INFO - API Key loaded: super_secret_api_key
INFO:orchestrator:API Key loaded: super_secret_api_key
INFO:root:Loaded existing vault key: .vault.key
INFO:root:Encrypted a value.
INFO:root:Decrypted a value.
2025-07-11 16:13:30,846 - INFO - MAGIC Orchestrator started.
INFO:orchestrator:MAGIC Orchestrator started.
INFO:root:Checked missing folders. Missing: []
INFO:root:Loaded existing vault key: .vault.key
INFO:root:Encrypted a value.
INFO:root:Decrypted a value.
2025-07-11 16:13:30,849 - INFO - API Key loaded: super_secret_api_key
INFO:orchestrator:API Key loaded: super_secret_api_key
INFO:root:Checked missing folders. Missing: []
INFO:root:Loaded existing vault key: .vault.key
INFO:root:Encrypted a value.
INFO:root:Decrypted a value.
2025-07-11 16:14:31,901 - INFO - MAGIC Orchestrator started.
INFO:orchestrator:MAGIC Orchestrator started.
INFO:root:Checked missing folders. Missing: []
INFO:root:Loaded existing vault key: .vault.key
INFO:root:Encrypted a value.
INFO:root:Decrypted a value.
2025-07-11 16:14:31,904 - INFO - API Key loaded: super_secret_api_key
INFO:orchestrator:API Key loaded: super_secret_api_key
INFO:root:Checked missing folders. Missing: []
